\BOOKMARK [1][-]{section*.1}{\376\377\000I\000n\000t\000r\000o\000d\000u\000c\000t\000i\000o\000n}{}% 1
\BOOKMARK [2][-]{section*.2}{\376\377\000S\000y\000l\000l\000a\000b\000u\000s}{section*.1}% 2
\BOOKMARK [3][-]{section*.3}{\376\377\000H\000i\000g\000h\000l\000i\000g\000h\000t\000s}{section*.2}% 3
\BOOKMARK [2][-]{section*.4}{\376\377\000M\000a\000t\000h\000\040\000S\000t\000u\000d\000y\000\040\000C\000e\000n\000t\000e\000r}{section*.1}% 4
\BOOKMARK [2][-]{section*.5}{\376\377\000Q\000u\000e\000s\000t\000i\000o\000n\000s\000?}{section*.1}% 5
\BOOKMARK [2][-]{section*.6}{\376\377\000Y\000o\000u\000\040\000h\000a\000v\000e\000\040\000s\000e\000e\000n}{section*.1}% 6
\BOOKMARK [3][-]{section*.7}{\376\377\000W\000e\000\040\000h\000a\000v\000e\000\040\000r\000e\000a\000l\000l\000y\000\040\000o\000n\000l\000y\000\040\000e\000q\000u\000i\000p\000p\000e\000d\000\040\000y\000o\000u\000\040\000t\000o\000\040\000u\000n\000d\000e\000r\000s\000t\000a\000n\000d\000\040\000l\000i\000f\000e\000\040\000o\000n\000\040\000a\000\040\000s\000t\000r\000i\000n\000g\000.}{section*.6}% 7
\BOOKMARK [2][-]{section*.8}{\376\377\000T\000h\000a\000t\000\040\000s\000u\000c\000k\000s}{section*.1}% 8
\BOOKMARK [3][-]{section*.9}{\376\377\000H\000o\000w\000\040\000c\000a\000n\000\040\000w\000e\000\040\000u\000n\000d\000e\000r\000s\000t\000a\000n\000d\000\040\000a\000\040\000s\000i\000t\000u\000a\000t\000i\000o\000n\000\040\000c\000l\000o\000s\000e\000r\000\040\000t\000o\000\040\000r\000e\000a\000l\000i\000t\000y\000?}{section*.8}% 9
\BOOKMARK [1][-]{section*.11}{\376\377\000Q\000u\000e\000s\000t\000i\000o\000n\000s\000\040\000w\000e\000\040\000m\000i\000g\000h\000t\000\040\000a\000s\000k\000:}{}% 10
\BOOKMARK [2][-]{section*.12}{\376\377\000Q\000u\000e\000s\000t\000i\000o\000n}{section*.11}% 11
\BOOKMARK [2][-]{section*.13}{\376\377\000Q\000u\000e\000s\000t\000i\000o\000n}{section*.11}% 12
\BOOKMARK [2][-]{section*.14}{\376\377\000Q\000u\000e\000s\000t\000i\000o\000n}{section*.11}% 13
\BOOKMARK [2][-]{section*.15}{\376\377\000Q\000u\000e\000s\000t\000i\000o\000n}{section*.11}% 14
\BOOKMARK [2][-]{section*.16}{\376\377\000P\000r\000o\000p\000e\000r\000t\000i\000e\000s\000\040\000w\000e\000\040\000m\000i\000g\000h\000t\000\040\000e\000x\000a\000m\000i\000n\000e}{section*.11}% 15
\BOOKMARK [3][-]{section*.17}{\376\377\000W\000e\000\040\000c\000o\000u\000l\000d\000\040\000t\000r\000y\000\040\000t\000o\000\040\000c\000h\000a\000r\000a\000c\000t\000e\000r\000i\000z\000e\000\040\000s\000h\000a\000p\000e\000s\000\040\000a\000n\000d\000\040\000o\000b\000j\000e\000c\000t\000s\000\040\000u\000s\000i\000n\000g\000\040\000t\000h\000i\000n\000g\000s\000\040\000l\000i\000k\000e}{section*.16}% 16
\BOOKMARK [1][-]{section*.18}{\376\377\000S\000p\000a\000c\000e}{}% 17
\BOOKMARK [2][-]{section*.19}{\376\377\000W\000h\000a\000t\000\040\000i\000s\000\040\000r\000e\000a\000l\000i\000t\000y\000?}{section*.18}% 18
\BOOKMARK [3][-]{section*.20}{\376\377\000T\000h\000r\000e\000e\000\040\000d\000i\000m\000e\000n\000s\000i\000o\000n\000a\000l\000\040\000s\000p\000a\000c\000e}{section*.19}% 19
\BOOKMARK [2][-]{section*.21}{\376\377\000W\000h\000a\000t\000\040\000i\000s\000\040\000r\000e\000a\000l\000i\000t\000y\000?}{section*.18}% 20
\BOOKMARK [3][-]{section*.22}{\376\377\000H\000o\000w\000\040\000c\000a\000n\000\040\000w\000e\000\040\000d\000e\000s\000c\000r\000i\000b\000e\000\040\000t\000h\000i\000s\000\040\000s\000p\000a\000c\000e\000\040\000s\000o\000\040\000t\000h\000a\000t\000\040\000w\000e\000\040\000c\000a\000n\000\040\000c\000a\000l\000c\000u\000l\000a\000t\000e\000\040\000t\000h\000i\000n\000g\000s\000?\000\040\000G\000e\000t\000\040\000a\000\040\000h\000a\000n\000d\000l\000e\000\040\000o\000n\000\040\000i\000t\000?\000\040\000U\000s\000e\000\040\000i\000t\000\040\000f\000o\000r\000\040\000s\000o\000m\000e\000t\000h\000i\000n\000g\000?}{section*.21}% 21
\BOOKMARK [2][-]{section*.23}{\376\377\000R\000e\000n\000\351\000\040\000D\000e\000s\000c\000a\000r\000t\000e\000s}{section*.18}% 22
\BOOKMARK [3][-]{section*.24}{\376\377\000D\000e\000s\000c\000a\000r\000t\000e\000s\000\040\000t\000h\000o\000u\000g\000h\000t\000\040\000o\000f\000\040\000s\000o\000m\000e\000t\000h\000i\000n\000g\000\040\000b\000r\000i\000l\000l\000i\000a\000n\000t\000,\000\040\000s\000o\000m\000e\000t\000h\000i\000n\000g\000\040\000t\000h\000a\000t\000\040\000s\000h\000o\000o\000k\000\040\000t\000h\000e\000\040\000w\000o\000r\000l\000d\000.}{section*.23}% 23
\BOOKMARK [2][-]{section*.25}{\376\377\000R\000e\000n\000\351\000\040\000D\000e\000s\000c\000a\000r\000t\000e\000s}{section*.18}% 24
\BOOKMARK [3][-]{section*.26}{\376\377\000D\000e\000s\000c\000a\000r\000t\000e\000s\000\040\000d\000i\000s\000c\000o\000v\000e\000r\000e\000d\000\040\000c\000o\000o\000r\000d\000i\000n\000a\000t\000e\000s}{section*.25}% 25
\BOOKMARK [2][-]{section*.27}{\376\377\000N\000u\000m\000b\000e\000r\000s\000\040\000b\000r\000e\000e\000d\000\040\000n\000u\000m\000b\000e\000r\000s}{section*.18}% 26
\BOOKMARK [3][-]{section*.28}{\376\377\000W\000e\000\040\000c\000a\000n\000\040\000n\000o\000w\000\040\000c\000a\000l\000c\000u\000l\000a\000t\000e\000\040\000d\000i\000s\000t\000a\000n\000c\000e\000!}{section*.27}% 27
\BOOKMARK [2][-]{section*.29}{\376\377\000N\000u\000m\000b\000e\000r\000s\000\040\000b\000r\000e\000e\000d\000\040\000e\000q\000u\000a\000t\000i\000o\000n\000s}{section*.18}% 28
\BOOKMARK [3][-]{section*.30}{\376\377\000W\000e\000\040\000c\000a\000n\000\040\000n\000o\000w\000\040\000d\000e\000s\000c\000r\000i\000b\000e\000\040\000s\000h\000a\000p\000e\000s\000!}{section*.29}% 29
